<?xml version="1.0" encoding="UTF-8"?>
<!-- Generated by org.testng.reporters.JUnitReportReporter -->
<testsuite hostname="CRF-013" failures="0" tests="2" name="tests.TestsExample" time="3.496" errors="0" timestamp="2023-04-13T15:20:28 SAST" skipped="0">
  <testcase classname="tests.TestsExample" name="test_1" time="2.052"/>
  <system-out/>
  <testcase classname="tests.TestsExample" name="test_2" time="1.444"/>
  <system-out/>
</testsuite> <!-- tests.TestsExample -->
