<?xml version="1.0" encoding="UTF-8"?>
<!-- Generated by org.testng.reporters.JUnitReportReporter -->
<testsuite hostname="CRF-013" failures="0" tests="3" name="tests.PutPatchDeleteExamples" time="4.914" errors="0" timestamp="2023-04-13T16:10:26 SAST" skipped="0">
  <testcase classname="tests.PutPatchDeleteExamples" name="testDelete" time="3.960"/>
  <system-out/>
  <testcase classname="tests.PutPatchDeleteExamples" name="testPatch" time="0.501"/>
  <system-out/>
  <testcase classname="tests.PutPatchDeleteExamples" name="testPut" time="0.453"/>
  <system-out/>
</testsuite> <!-- tests.PutPatchDeleteExamples -->
