<?xml version="1.0" encoding="UTF-8"?>
<!-- Generated by org.testng.reporters.JUnitReportReporter -->
<testsuite hostname="CRF-013" failures="0" tests="2" name="tests.GetAndPostRequest" time="2.933" errors="0" timestamp="2023-04-13T15:56:43 SAST" skipped="0">
  <testcase classname="tests.GetAndPostRequest" name="testPost" time="0.472"/>
  <system-out/>
  <testcase classname="tests.GetAndPostRequest" name="testGet" time="2.461"/>
  <system-out/>
</testsuite> <!-- tests.GetAndPostRequest -->
